============================= test session starts ==============================
platform linux -- Python 3.11.15, pytest-9.1.1, pluggy-1.6.0 -- /usr/local/bin/python3
cachedir: .pytest_cache
hypothesis profile 'default'
rootdir: /tmp/claude-0/-home-user-ugh-prompt-engine/25b1c9f3-afe0-5eb2-9e04-42b5b18e7be2/scratchpad/proto1
plugins: hypothesis-6.165.2
collecting ... collected 91 items

tests/test_bridge.py::test_to_render_genome_maps_scalar_fields PASSED    [  1%]
tests/test_bridge.py::test_jitter_amount_scales_to_jitter_pct_of_period PASSED [  2%]
tests/test_bridge.py::test_formant_offsets_apply_multiplicatively PASSED [  3%]
tests/test_bridge.py::test_bandwidth_scale_applies_uniformly PASSED      [  4%]
tests/test_bridge.py::test_render_note_is_deterministic PASSED           [  5%]
tests/test_bridge.py::test_render_note_returns_expected_length PASSED    [  6%]
tests/test_bridge.py::test_default_new_schema_genome_matches_voice_a_scalar_fields PASSED [  7%]
tests/test_genome.py::test_default_genome_within_physio_range PASSED     [  8%]
tests/test_genome.py::test_json_round_trip_preserves_equality PASSED     [  9%]
tests/test_genome.py::test_json_round_trip_dict_path PASSED              [ 10%]
tests/test_genome.py::test_physio_prior_boundary_values_are_in_range[resonance.formant_scale-0.8] PASSED [ 12%]
tests/test_genome.py::test_physio_prior_boundary_values_are_in_range[resonance.formant_scale-1.25] PASSED [ 13%]
tests/test_genome.py::test_physio_prior_boundary_values_are_in_range[noise.breathiness_base-0.0] PASSED [ 14%]
tests/test_genome.py::test_physio_prior_boundary_values_are_in_range[noise.breathiness_base-0.6] PASSED [ 15%]
tests/test_genome.py::test_physio_prior_boundary_values_are_in_range[source.tilt--18.0] PASSED [ 16%]
tests/test_genome.py::test_physio_prior_boundary_values_are_in_range[source.tilt--3.0] PASSED [ 17%]
tests/test_genome.py::test_physio_prior_boundary_values_are_in_range[microprosody.vibrato_rate_hz-4.0] PASSED [ 18%]
tests/test_genome.py::test_physio_prior_boundary_values_are_in_range[microprosody.vibrato_rate_hz-7.5] PASSED [ 19%]
tests/test_genome.py::test_physio_prior_boundary_values_are_in_range[microprosody.vibrato_depth_cents-0.0] PASSED [ 20%]
tests/test_genome.py::test_physio_prior_boundary_values_are_in_range[microprosody.vibrato_depth_cents-150.0] PASSED [ 21%]
tests/test_genome.py::test_physio_prior_boundary_values_are_in_range[microprosody.jitter_amount-0.0] PASSED [ 23%]
tests/test_genome.py::test_physio_prior_boundary_values_are_in_range[microprosody.jitter_amount-0.02] PASSED [ 24%]
tests/test_genome.py::test_physio_prior_boundary_values_are_in_range[register.transition_width-1.0] PASSED [ 25%]
tests/test_genome.py::test_physio_prior_boundary_values_are_in_range[register.transition_width-6.0] PASSED [ 26%]
tests/test_genome.py::test_out_of_physio_range_flag_for_resonance[formant_scale-1.3-resonance.formant_scale] PASSED [ 27%]
tests/test_genome.py::test_out_of_physio_range_flag_for_resonance[formant_scale-0.5-resonance.formant_scale] PASSED [ 28%]
tests/test_genome.py::test_out_of_physio_range_does_not_reject_construction PASSED [ 29%]
tests/test_genome.py::test_register_boundaries_out_of_range_reports_index PASSED [ 30%]
tests/test_genome.py::test_register_boundaries_non_ascending_flagged PASSED [ 31%]
tests/test_genome.py::test_formant_offsets_and_bandwidth_scale_excluded_from_physio_check PASSED [ 32%]
tests/test_genome.py::test_revalidate_physio_range_recomputes PASSED     [ 34%]
tests/test_genome.py::test_from_dict_rejects_non_dict PASSED             [ 35%]
tests/test_genome.py::test_from_dict_rejects_wrong_type_for_float_field PASSED [ 36%]
tests/test_genome.py::test_from_dict_rejects_wrong_length_tuple PASSED   [ 37%]
tests/test_genome.py::test_from_dict_rejects_bool_as_float PASSED        [ 38%]
tests/test_genome.py::test_from_json_rejects_malformed_json PASSED       [ 39%]
tests/test_genome.py::test_from_dict_rejects_bad_audit_types PASSED      [ 40%]
tests/test_probes.py::test_probe_definitions_match_memo_spec PASSED      [ 41%]
tests/test_probes.py::test_render_probe_returns_one_waveform_per_note PASSED [ 42%]
tests/test_probes.py::test_render_probe_unknown_name_raises PASSED       [ 43%]
tests/test_probes.py::test_manifest_is_deterministic_for_same_genome PASSED [ 45%]
tests/test_probes.py::test_manifest_differs_for_different_genomes PASSED [ 46%]
tests/test_probes.py::test_note_hashes_match_recomputed_waveform_hash PASSED [ 47%]
tests/test_probes.py::test_full_manifest_covers_all_probes PASSED        [ 48%]
tests/test_reference_set.py::test_gallery_has_expected_size PASSED       [ 49%]
tests/test_reference_set.py::test_sidecar_dict_has_required_fields PASSED [ 50%]
tests/test_reference_set.py::test_coverage_notes_include_instrument_validity_caveat PASSED [ 51%]
tests/test_reference_set.py::test_embedding_models_include_provenance_caveat PASSED [ 52%]
tests/test_reference_set.py::test_embedding_vectors_have_no_nan PASSED   [ 53%]
tests/test_reference_set.py::test_chance_bands_are_finite_probabilities_like_values PASSED [ 54%]
tests/test_reference_set.py::test_reference_set_hash_is_deterministic PASSED [ 56%]
tests/test_reference_set.py::test_reference_set_hash_changes_with_different_gallery_seed PASSED [ 57%]
tests/test_reference_set.py::test_audit_gallery_member_against_itself_fails_both_systems PASSED [ 58%]
tests/test_reference_set.py::test_audit_report_pairs_reference_set_hash PASSED [ 59%]
tests/test_reference_set.py::test_audit_is_deterministic PASSED          [ 60%]
tests/test_reference_set.py::test_audit_log_append_and_load PASSED       [ 61%]
tests/test_reference_set.py::test_mark_stale_flags_entries_with_old_reference_set_hash PASSED [ 62%]
tests/test_reference_set.py::test_mark_stale_does_not_flag_current_hash PASSED [ 63%]
tests/test_reference_set.py::test_mark_stale_is_idempotent PASSED        [ 64%]
tests/test_registry.py::test_append_writes_one_jsonl_line PASSED         [ 65%]
tests/test_registry.py::test_genome_content_hash_is_stable_and_deterministic PASSED [ 67%]
tests/test_registry.py::test_genome_content_hash_differs_for_different_genomes PASSED [ 68%]
tests/test_registry.py::test_append_rejects_invalid_op PASSED            [ 69%]
tests/test_registry.py::test_load_all_round_trips_entries PASSED         [ 70%]
tests/test_registry.py::test_get_returns_none_for_missing_id PASSED      [ 71%]
tests/test_registry.py::test_eval_defaults_to_none_placeholders PASSED   [ 72%]
tests/test_registry.py::test_audit_fields_default_to_not_applicable PASSED [ 73%]
tests/test_registry.py::test_lineage_walks_parent_chain PASSED           [ 74%]
tests/test_registry.py::test_lineage_unknown_genome_id_raises PASSED     [ 75%]
tests/test_registry.py::test_lineage_crossover_follows_primary_parent PASSED [ 76%]
tests/test_registry.py::test_append_creates_parent_directories PASSED    [ 78%]
tests/test_render_health.py::test_aliasing_below_threshold_for_default_genome PASSED [ 79%]
tests/test_render_health.py::test_aliasing_holds_across_several_sampled_genomes PASSED [ 80%]
tests/test_render_health.py::test_aliasing_at_high_pitch_c6 PASSED       [ 81%]
tests/test_render_health.py::test_register_transition_continuity_for_default_genome PASSED [ 82%]
tests/test_render_health.py::test_register_transition_continuity_across_sampled_genomes PASSED [ 83%]
tests/test_render_health.py::test_formant_sweep_direction_consistency_for_default_genome PASSED [ 84%]
tests/test_render_health.py::test_formant_sweep_report_is_deterministic PASSED [ 85%]
tests/test_sampler.py::test_sample_is_deterministic PASSED               [ 86%]
tests/test_sampler.py::test_sample_different_seeds_differ PASSED         [ 87%]
tests/test_sampler.py::test_sample_within_physio_range_by_construction PASSED [ 89%]
tests/test_sampler.py::test_sample_register_boundaries_ascending PASSED  [ 90%]
tests/test_sampler.py::test_mutate_is_deterministic PASSED               [ 91%]
tests/test_sampler.py::test_mutate_different_seed_differs PASSED         [ 92%]
tests/test_sampler.py::test_mutate_small_scale_usually_stays_in_range PASSED [ 93%]
tests/test_sampler.py::test_mutate_large_scale_can_flag_out_of_range PASSED [ 94%]
tests/test_sampler.py::test_mutate_does_not_reject_out_of_range_result PASSED [ 95%]
tests/test_sampler.py::test_mutate_preserves_boundary_ascending_order PASSED [ 96%]
tests/test_sampler.py::test_crossover_is_deterministic PASSED            [ 97%]
tests/test_sampler.py::test_crossover_fields_come_from_either_parent PASSED [ 98%]
tests/test_sampler.py::test_crossover_different_seed_can_differ PASSED   [100%]

============================= 91 passed in 53.27s ==============================
